<?xml version="1.0" encoding="UTF-8"?>
<testng-results skipped="0" failed="0" ignored="0" total="2" passed="2">
  <reporter-output>
  </reporter-output>
  <suite name="Default suite" duration-ms="7526" started-at="2018-07-16T12:12:32Z" finished-at="2018-07-16T12:12:39Z">
    <groups>
    </groups>
    <test name="Default test" duration-ms="7526" started-at="2018-07-16T12:12:32Z" finished-at="2018-07-16T12:12:39Z">
      <class name="createGmailAccount.createGmailAccount">
        <test-method status="PASS" signature="openBrowser()[pri:1, instance:createGmailAccount.createGmailAccount@1b604f19]" name="openBrowser" duration-ms="7368" started-at="2018-07-16T12:12:32Z" finished-at="2018-07-16T12:12:39Z">
          <reporter-output>
          </reporter-output>
        </test-method> <!-- openBrowser -->
        <test-method status="PASS" signature="createAnAccount()[pri:2, instance:createGmailAccount.createGmailAccount@1b604f19]" name="createAnAccount" duration-ms="133" started-at="2018-07-16T12:12:39Z" finished-at="2018-07-16T12:12:39Z">
          <reporter-output>
          </reporter-output>
        </test-method> <!-- createAnAccount -->
      </class> <!-- createGmailAccount.createGmailAccount -->
    </test> <!-- Default test -->
  </suite> <!-- Default suite -->
</testng-results>
